c:\users\admin\desktop\новая папка\externaldll\x64\release\vc142.pdb
c:\users\admin\desktop\новая папка\externaldll\x64\release\tools.obj
c:\users\admin\desktop\новая папка\externaldll\x64\release\threads.obj
c:\users\admin\desktop\новая папка\externaldll\x64\release\socket.obj
c:\users\admin\desktop\новая папка\externaldll\x64\release\vars.obj
c:\users\admin\desktop\новая папка\externaldll\x64\release\rustsdk.obj
c:\users\admin\desktop\новая папка\externaldll\x64\release\loops.obj
c:\users\admin\desktop\новая папка\externaldll\x64\release\draw.obj
c:\users\admin\desktop\новая папка\externaldll\x64\release\driverrw.obj
c:\users\admin\desktop\новая папка\externaldll\x64\release\imgui_widgets.obj
c:\users\admin\desktop\новая папка\externaldll\x64\release\imgui_impl_win32.obj
c:\users\admin\desktop\новая папка\externaldll\x64\release\imgui_impl_dx9.obj
c:\users\admin\desktop\новая папка\externaldll\x64\release\imgui_impl_dx11.obj
c:\users\admin\desktop\новая папка\externaldll\x64\release\imgui_draw.obj
c:\users\admin\desktop\новая папка\externaldll\x64\release\imgui.obj
c:\users\admin\desktop\новая папка\externaldll\x64\release\guiglobalvar.obj
c:\users\admin\desktop\новая папка\externaldll\x64\release\guiengine_menu.obj
c:\users\admin\desktop\новая папка\externaldll\x64\release\guiengine_esp.obj
c:\users\admin\desktop\новая папка\externaldll\x64\release\dllmain.obj
c:\users\admin\desktop\новая папка\externaldll\x64\release\custom_elements.obj
c:\users\admin\desktop\новая папка\externaldll\x64\release\aim.obj
c:\users\admin\desktop\новая папка\x64\release\externaldll.dll
c:\users\admin\desktop\новая папка\externaldll\x64\release\externaldll.ipdb
c:\users\admin\desktop\новая папка\externaldll\x64\release\externaldll.iobj
c:\users\admin\desktop\новая папка\x64\release\externaldll.pdb
c:\users\admin\desktop\новая папка\externaldll\x64\release\externaldll.tlog\cl.command.1.tlog
c:\users\admin\desktop\новая папка\externaldll\x64\release\externaldll.tlog\cl.read.1.tlog
c:\users\admin\desktop\новая папка\externaldll\x64\release\externaldll.tlog\cl.write.1.tlog
c:\users\admin\desktop\новая папка\externaldll\x64\release\externaldll.tlog\link.command.1.tlog
c:\users\admin\desktop\новая папка\externaldll\x64\release\externaldll.tlog\link.read.1.tlog
c:\users\admin\desktop\новая папка\externaldll\x64\release\externaldll.tlog\link.write.1.tlog
